[2020-07-11 09:28:42.759] Plugin booted up, the server paste was created for debugging, reporting errors and data-recovery: https://paste.ubuntu.com/p/C5wFCN3Sw7/
[2020-07-11 09:40:14.682] Plugin booted up, the server paste was created for debugging, reporting errors and data-recovery: https://paste.ubuntu.com/p/dvZjhK7tKS/
[2020-07-11 09:41:31.223] Player amdYes_intelNO created a shop at location Location{world=CraftWorld{name=world},x=169.0,y=68.0,z=-185.0,pitch=0.0,yaw=0.0}
[2020-07-11 09:41:48.673] Deleting shop Shop world(169, 68, -185) Owner: amdYes_intelNO - db345d89-6f26-450e-96f7-7112da42da62 Price: 1.0 request by block break.
[2020-07-11 09:41:48.673] Shop at Location{world=CraftWorld{name=world},x=169.0,y=68.0,z=-185.0,pitch=0.0,yaw=0.0} was removed.
[2020-07-12 12:52:07.202] Plugin booted up, the server paste was created for debugging, reporting errors and data-recovery: https://paste.ubuntu.com/p/WkvtBfRX6x/
[2020-07-12 12:57:34.443] Plugin booted up, the server paste was created for debugging, reporting errors and data-recovery: https://paste.ubuntu.com/p/BYxYZCdWp8/
[2020-07-12 13:00:50.098] Plugin booted up, the server paste was created for debugging, reporting errors and data-recovery: https://paste.ubuntu.com/p/cgPxwqPFT8/
[2020-07-12 13:06:33.37] Plugin booted up, the server paste was created for debugging, reporting errors and data-recovery: https://paste.ubuntu.com/p/RYk2YD39dG/
[2020-07-12 15:03:41.436] Plugin booted up, the server paste was created for debugging, reporting errors and data-recovery: https://paste.ubuntu.com/p/H5fRNmcnmH/
[2020-07-12 15:26:26.043] Player amdYes_intelNO created a shop at location Location{world=CraftWorld{name=world},x=164.0,y=68.0,z=-185.0,pitch=0.0,yaw=0.0}
[2020-07-12 15:27:03.283] Shop at location Location{world=CraftWorld{name=world},x=164.0,y=68.0,z=-185.0,pitch=0.0,yaw=0.0} moderator was changed to {"owner":"77fc970a-8286-4950-9a68-53a17b8a8fc3","staffs":[]}
[2020-07-12 15:31:07.932] Deleting shop Shop world(164, 68, -185) Owner: YingLraft - 77fc970a-8286-4950-9a68-53a17b8a8fc3 Price: 87.0 request by /qs silentremove (control panel) command.
[2020-07-12 15:31:07.932] Shop at Location{world=CraftWorld{name=world},x=164.0,y=68.0,z=-185.0,pitch=0.0,yaw=0.0} was removed.
[2020-07-12 20:49:10.344] Plugin booted up, the server paste was created for debugging, reporting errors and data-recovery: https://paste.ubuntu.com/p/nFDz9dwDfC/
[2020-07-13 20:24:40.554] Plugin booted up, the server paste was created for debugging, reporting errors and data-recovery: https://paste.ubuntu.com/p/t7GdZb2dRM/
[2020-07-15 22:35:40.736] Plugin booted up, the server paste was created for debugging, reporting errors and data-recovery: https://paste.ubuntu.com/p/Sh6z4ZzQpn/
[2020-07-15 22:42:08.854] Plugin booted up, the server paste was created for debugging, reporting errors and data-recovery: https://paste.ubuntu.com/p/5Z8gnfnpM8/
[2020-07-16 15:01:44.103] Plugin booted up, the server paste was created for debugging, reporting errors and data-recovery: https://paste.ubuntu.com/p/KBzv8P9RWc/
[2020-07-17 17:38:10.537] Plugin booted up, the server paste was created for debugging, reporting errors and data-recovery: https://paste.ubuntu.com/p/MvbyzcWvMw/
[2020-07-20 15:57:49.115] Plugin booted up, the server paste was created for debugging, reporting errors and data-recovery: https://paste.ubuntu.com/p/K4pjPNnbN7/
[2020-07-20 15:59:36.386] Plugin booted up, the server paste was created for debugging, reporting errors and data-recovery: https://paste.ubuntu.com/p/qb2bf9bnWP/
