[17:37:29] [main/INFO]: Reloading ResourceManager: Default, bukkit
[17:37:30] [Server-Worker-3/INFO]: Loaded 7 recipes
[17:37:31] [Server thread/INFO]: Starting minecraft server version 1.16.1
[17:37:31] [Server thread/INFO]: Loading properties
[17:37:32] [Server thread/INFO]: This server is running Paper version git-Paper-93 (MC: 1.16.1) (Implementing API version 1.16.1-R0.1-SNAPSHOT)
[17:37:32] [Server thread/INFO]: Debug logging is disabled
[17:37:32] [Server thread/INFO]: Server Ping Player Sample Count: 12
[17:37:32] [Server thread/INFO]: Using 4 threads for Netty based IO
[17:37:32] [Server thread/INFO]: Default game type: SURVIVAL
[17:37:32] [Server thread/INFO]: Generating keypair
[17:37:32] [Server thread/INFO]: Starting Minecraft server on *:25565
[17:37:32] [Server thread/INFO]: Using epoll channel type
[17:37:34] [Server thread/WARN]: Initializing Legacy Material Support. Unless you have legacy plugins and/or data this is a bug!
[17:37:37] [Server thread/WARN]: Legacy plugin PermissionsEx v1.23.4 does not specify an api-version.
[17:37:38] [Server thread/INFO]: [WorldEdit] Loading WorldEdit v7.1.0;8e55131
[17:37:39] [Server thread/INFO]: Got request to register class com.sk89q.worldedit.bukkit.BukkitServerInterface with WorldEdit [com.sk89q.worldedit.extension.platform.PlatformManager@588d11e1]
[17:37:39] [Server thread/INFO]: [PL-Hide] Loading PL-Hide v1.5.11
[17:37:39] [Server thread/INFO]: [PlaceholderAPI] Loading PlaceholderAPI v2.10.6
[17:37:39] [Server thread/INFO]: [PermissionsEx] Loading PermissionsEx v1.23.4
[17:37:39] [Server thread/INFO]: [Challenges] Loading Challenges v3.0.2
[17:37:39] [Server thread/INFO]: [Vault] Loading Vault v1.7.3-b${env.TRAVIS_BUILD_NUMBER}
[17:37:39] [Server thread/INFO]: [PvPToggle] Loading PvPToggle v1.7
[17:37:39] [Server thread/INFO]: [Multiverse-Core] Loading Multiverse-Core v4.1.0-b775
[17:37:39] [Server thread/INFO]: [CoreProtect] Loading CoreProtect v2.18.2
[17:37:39] [Server thread/INFO]: [PlayerStatueBuilderX] Loading PlayerStatueBuilderX v1.9
[17:37:39] [Server thread/INFO]: [Citizens] Loading Citizens v2.0.27-SNAPSHOT (build 2049)
[17:37:39] [Server thread/INFO]: [ChestCommands] Loading ChestCommands v3.2.0
[17:37:39] [Server thread/INFO]: [DiscordSRV] Loading DiscordSRV v1.18.4
[17:37:39] [Server thread/INFO]: [LockettePro] Loading LockettePro v2.9.10
[17:37:39] [Server thread/INFO]: [Essentials] Loading Essentials v2.17.2.0
[17:37:39] [Server thread/INFO]: [EssentialsChat] Loading EssentialsChat v2.17.2.0
[17:37:39] [Server thread/INFO]: [EssentialsGeoIP] Loading EssentialsGeoIP v2.17.2.0
[17:37:39] [Server thread/INFO]: [TAB] Loading TAB v2.8.2
[17:37:39] [Server thread/INFO]: [EssentialsSpawn] Loading EssentialsSpawn v2.17.2.0
[17:37:39] [Server thread/INFO]: [EssentialsXMPP] Loading EssentialsXMPP v2.17.2.0
[17:37:39] [Server thread/INFO]: [Residence] Loading Residence v4.9.1.0
[17:37:39] [Server thread/INFO]: [QuickShop] Loading QuickShop v4.0.3.2
[17:37:39] [Server thread/INFO]: [QuickShop] Loading up integration modules.
[17:37:39] [Server thread/INFO]: Server permissions file permissions.yml is empty, ignoring it
[17:37:39] [Server thread/INFO]: [WorldEdit] Enabling WorldEdit v7.1.0;8e55131
[17:37:39] [Server thread/WARN]: [WorldEdit] Loaded class ru.tehkode.permissions.PermissionManager from PermissionsEx v1.23.4 which is not a depend, softdepend or loadbefore of this plugin.
[17:37:39] [Server thread/WARN]: [WorldEdit] Loaded class net.milkbowl.vault.permission.Permission from Vault v1.7.3-b${env.TRAVIS_BUILD_NUMBER} which is not a depend, softdepend or loadbefore of this plugin.
[17:37:39] [Server thread/INFO]: WEPIF: Using the Bukkit Permissions API.
[17:37:39] [Server thread/WARN]: 
**********************************************
** This WorldEdit version does not fully support your version of Bukkit.
**
** When working with blocks or undoing, chests will be empty, signs
** will be blank, and so on. There will be no support for entity
** and block property-related functions.
**
** Please see https://worldedit.enginehub.org/en/latest/faq/#bukkit-adapters
**********************************************

[17:37:40] [Server thread/INFO]: [Vault] Enabling Vault v1.7.3-b${env.TRAVIS_BUILD_NUMBER}
[17:37:40] [Server thread/WARN]: [Vault] Loaded class com.earth2me.essentials.api.Economy from Essentials v2.17.2.0 which is not a depend, softdepend or loadbefore of this plugin.
[17:37:40] [Server thread/INFO]: [Vault] [Economy] Essentials Economy found: Waiting
[17:37:40] [Server thread/WARN]: [Vault] Loaded class ru.tehkode.permissions.bukkit.PermissionsEx from PermissionsEx v1.23.4 which is not a depend, softdepend or loadbefore of this plugin.
[17:37:40] [Server thread/INFO]: [Vault] [Permission] PermissionsEx found: Waiting
[17:37:40] [Server thread/INFO]: [Vault] [Permission] SuperPermissions loaded as backup permission system.
[17:37:40] [Server thread/INFO]: [Vault] [Chat] PermissionsEx found: Waiting
[17:37:40] [Server thread/INFO]: [Vault] Enabled Version 1.7.3-b${env.TRAVIS_BUILD_NUMBER}
[17:37:40] [Server thread/INFO]: WEPIF: Vault detected! Using Vault for permissions
[17:37:40] [Server thread/INFO]: Preparing level "world"
[17:37:40] [Server thread/INFO]: -------- World Settings For [world] --------
[17:37:40] [Server thread/INFO]: Experience Merge Radius: 3.0
[17:37:40] [Server thread/INFO]: Cactus Growth Modifier: 100%
[17:37:40] [Server thread/INFO]: Cane Growth Modifier: 100%
[17:37:40] [Server thread/INFO]: Melon Growth Modifier: 100%
[17:37:40] [Server thread/INFO]: Mushroom Growth Modifier: 100%
[17:37:40] [Server thread/INFO]: Pumpkin Growth Modifier: 100%
[17:37:40] [Server thread/INFO]: Sapling Growth Modifier: 100%
[17:37:40] [Server thread/INFO]: Beetroot Growth Modifier: 100%
[17:37:40] [Server thread/INFO]: Carrot Growth Modifier: 100%
[17:37:40] [Server thread/INFO]: Potato Growth Modifier: 100%
[17:37:40] [Server thread/INFO]: Wheat Growth Modifier: 100%
[17:37:40] [Server thread/INFO]: NetherWart Growth Modifier: 100%
[17:37:40] [Server thread/INFO]: Vine Growth Modifier: 100%
[17:37:40] [Server thread/INFO]: Cocoa Growth Modifier: 100%
[17:37:40] [Server thread/INFO]: Bamboo Growth Modifier: 100%
[17:37:40] [Server thread/INFO]: SweetBerry Growth Modifier: 100%
[17:37:40] [Server thread/INFO]: Kelp Growth Modifier: 100%
[17:37:40] [Server thread/INFO]: Entity Activation Range: An 32 / Mo 32 / Ra 48 / Mi 16 / Tiv true
[17:37:40] [Server thread/INFO]: Hopper Transfer: 8 Hopper Check: 1 Hopper Amount: 1
[17:37:40] [Server thread/INFO]: Custom Map Seeds:  Village: 10387312 Desert: 14357617 Igloo: 14357618 Jungle: 14357619 Swamp: 14357620 Monument: 10387313 Ocean: 14357621 Shipwreck: 165745295 End City: 10387313 Slime: 987234911 Bastion: 30084232 Fortress: 30084232 Mansion: 10387319 Fossil: 14357921 Portal: 34222645
[17:37:40] [Server thread/INFO]: Max TNT Explosions: 100
[17:37:40] [Server thread/INFO]: Tile Max Tick Time: 50ms Entity max Tick Time: 50ms
[17:37:40] [Server thread/INFO]: Entity Tracking Range: Pl 48 / An 48 / Mo 48 / Mi 32 / Other 64
[17:37:40] [Server thread/INFO]: Allow Zombie Pigmen to spawn from portal blocks: true
[17:37:40] [Server thread/INFO]: Item Merge Radius: 2.5
[17:37:40] [Server thread/INFO]: Item Despawn Rate: 6000
[17:37:40] [Server thread/INFO]: View Distance: 10
[17:37:40] [Server thread/INFO]: Arrow Despawn Rate: 1200 Trident Respawn Rate:1200
[17:37:40] [Server thread/INFO]: Zombie Aggressive Towards Villager: true
[17:37:40] [Server thread/INFO]: Nerfing mobs spawned from spawners: false
[17:37:40] [Server thread/INFO]: Mob Spawn Range: 8
[17:37:40] [Server thread/INFO]: Registering commands with com.sk89q.worldedit.bukkit.BukkitServerInterface
[17:37:40] [Server thread/INFO]: -------- World Settings For [world_nether] --------
[17:37:40] [Server thread/INFO]: Experience Merge Radius: 3.0
[17:37:40] [Server thread/INFO]: Cactus Growth Modifier: 100%
[17:37:40] [Server thread/INFO]: Cane Growth Modifier: 100%
[17:37:40] [Server thread/INFO]: Melon Growth Modifier: 100%
[17:37:40] [Server thread/INFO]: Mushroom Growth Modifier: 100%
[17:37:40] [Server thread/INFO]: Pumpkin Growth Modifier: 100%
[17:37:40] [Server thread/INFO]: Sapling Growth Modifier: 100%
[17:37:40] [Server thread/INFO]: Beetroot Growth Modifier: 100%
[17:37:40] [Server thread/INFO]: Carrot Growth Modifier: 100%
[17:37:40] [Server thread/INFO]: Potato Growth Modifier: 100%
[17:37:40] [Server thread/INFO]: Wheat Growth Modifier: 100%
[17:37:40] [Server thread/INFO]: NetherWart Growth Modifier: 100%
[17:37:40] [Server thread/INFO]: Vine Growth Modifier: 100%
[17:37:40] [Server thread/INFO]: Cocoa Growth Modifier: 100%
[17:37:40] [Server thread/INFO]: Bamboo Growth Modifier: 100%
[17:37:40] [Server thread/INFO]: SweetBerry Growth Modifier: 100%
[17:37:40] [Server thread/INFO]: Kelp Growth Modifier: 100%
[17:37:40] [Server thread/INFO]: Entity Activation Range: An 32 / Mo 32 / Ra 48 / Mi 16 / Tiv true
[17:37:40] [Server thread/INFO]: Hopper Transfer: 8 Hopper Check: 1 Hopper Amount: 1
[17:37:40] [Server thread/INFO]: Custom Map Seeds:  Village: 10387312 Desert: 14357617 Igloo: 14357618 Jungle: 14357619 Swamp: 14357620 Monument: 10387313 Ocean: 14357621 Shipwreck: 165745295 End City: 10387313 Slime: 987234911 Bastion: 30084232 Fortress: 30084232 Mansion: 10387319 Fossil: 14357921 Portal: 34222645
[17:37:40] [Server thread/INFO]: Max TNT Explosions: 100
[17:37:40] [Server thread/INFO]: Tile Max Tick Time: 50ms Entity max Tick Time: 50ms
[17:37:40] [Server thread/INFO]: Entity Tracking Range: Pl 48 / An 48 / Mo 48 / Mi 32 / Other 64
[17:37:40] [Server thread/INFO]: Allow Zombie Pigmen to spawn from portal blocks: true
[17:37:40] [Server thread/INFO]: Item Merge Radius: 2.5
[17:37:40] [Server thread/INFO]: Item Despawn Rate: 6000
[17:37:40] [Server thread/INFO]: View Distance: 10
[17:37:40] [Server thread/INFO]: Arrow Despawn Rate: 1200 Trident Respawn Rate:1200
[17:37:40] [Server thread/INFO]: Zombie Aggressive Towards Villager: true
[17:37:40] [Server thread/INFO]: Nerfing mobs spawned from spawners: false
[17:37:40] [Server thread/INFO]: Mob Spawn Range: 8
[17:37:40] [Server thread/INFO]: -------- World Settings For [world_the_end] --------
[17:37:40] [Server thread/INFO]: Experience Merge Radius: 3.0
[17:37:40] [Server thread/INFO]: Cactus Growth Modifier: 100%
[17:37:40] [Server thread/INFO]: Cane Growth Modifier: 100%
[17:37:40] [Server thread/INFO]: Melon Growth Modifier: 100%
[17:37:40] [Server thread/INFO]: Mushroom Growth Modifier: 100%
[17:37:40] [Server thread/INFO]: Pumpkin Growth Modifier: 100%
[17:37:40] [Server thread/INFO]: Sapling Growth Modifier: 100%
[17:37:40] [Server thread/INFO]: Beetroot Growth Modifier: 100%
[17:37:40] [Server thread/INFO]: Carrot Growth Modifier: 100%
[17:37:40] [Server thread/INFO]: Potato Growth Modifier: 100%
[17:37:40] [Server thread/INFO]: Wheat Growth Modifier: 100%
[17:37:40] [Server thread/INFO]: NetherWart Growth Modifier: 100%
[17:37:40] [Server thread/INFO]: Vine Growth Modifier: 100%
[17:37:40] [Server thread/INFO]: Cocoa Growth Modifier: 100%
[17:37:40] [Server thread/INFO]: Bamboo Growth Modifier: 100%
[17:37:40] [Server thread/INFO]: SweetBerry Growth Modifier: 100%
[17:37:40] [Server thread/INFO]: Kelp Growth Modifier: 100%
[17:37:40] [Server thread/INFO]: Entity Activation Range: An 32 / Mo 32 / Ra 48 / Mi 16 / Tiv true
[17:37:40] [Server thread/INFO]: Hopper Transfer: 8 Hopper Check: 1 Hopper Amount: 1
[17:37:40] [Server thread/INFO]: Custom Map Seeds:  Village: 10387312 Desert: 14357617 Igloo: 14357618 Jungle: 14357619 Swamp: 14357620 Monument: 10387313 Ocean: 14357621 Shipwreck: 165745295 End City: 10387313 Slime: 987234911 Bastion: 30084232 Fortress: 30084232 Mansion: 10387319 Fossil: 14357921 Portal: 34222645
[17:37:40] [Server thread/INFO]: Max TNT Explosions: 100
[17:37:40] [Server thread/INFO]: Tile Max Tick Time: 50ms Entity max Tick Time: 50ms
[17:37:40] [Server thread/INFO]: Entity Tracking Range: Pl 48 / An 48 / Mo 48 / Mi 32 / Other 64
[17:37:40] [Server thread/INFO]: Allow Zombie Pigmen to spawn from portal blocks: true
[17:37:40] [Server thread/INFO]: Item Merge Radius: 2.5
[17:37:40] [Server thread/INFO]: Item Despawn Rate: 6000
[17:37:40] [Server thread/INFO]: View Distance: 10
[17:37:40] [Server thread/INFO]: Arrow Despawn Rate: 1200 Trident Respawn Rate:1200
[17:37:40] [Server thread/INFO]: Zombie Aggressive Towards Villager: true
[17:37:40] [Server thread/INFO]: Nerfing mobs spawned from spawners: false
[17:37:40] [Server thread/INFO]: Mob Spawn Range: 8
[17:37:40] [Server thread/INFO]: Preparing start region for dimension minecraft:overworld
[17:37:41] [Server thread/INFO]: Loaded 0 spawn chunks for world world
[17:37:41] [Server thread/INFO]: Preparing spawn area: 0%
[17:37:41] [Server thread/INFO]: Preparing spawn area: 0%
[17:37:41] [Server thread/INFO]: Preparing spawn area: 0%
[17:37:42] [Server thread/INFO]: Preparing spawn area: 0%
[17:37:42] [Server thread/INFO]: Time elapsed: 1730 ms
[17:37:42] [Server thread/INFO]: Preparing start region for dimension minecraft:the_nether
[17:37:43] [Server thread/INFO]: Loaded 0 spawn chunks for world world_nether
[17:37:43] [Server thread/INFO]: Preparing spawn area: 0%
[17:37:43] [Server thread/INFO]: Preparing spawn area: 0%
[17:37:43] [Server thread/INFO]: Preparing spawn area: 0%
[17:37:43] [Server thread/INFO]: Time elapsed: 1374 ms
[17:37:43] [Server thread/INFO]: Preparing start region for dimension minecraft:the_end
[17:37:44] [Server thread/INFO]: Loaded 0 spawn chunks for world world_the_end
[17:37:44] [Server thread/INFO]: Time elapsed: 67 ms
[17:37:44] [Server thread/INFO]: [PL-Hide] Enabling PL-Hide v1.5.11
[17:37:44] [Server thread/INFO]: [PlaceholderAPI] Enabling PlaceholderAPI v2.10.6
[17:37:44] [Server thread/INFO]: [PlaceholderAPI] Fetching available expansion information...
[17:37:44] [Server thread/INFO]: [PermissionsEx] Enabling PermissionsEx v1.23.4*
[17:37:44] [Server thread/INFO]: [PermissionsEx] Initializing file backend
[17:37:44] [Server thread/INFO]: [PermissionsEx] Permissions file successfully reloaded
[17:37:44] [Server thread/INFO]: WEPIF: PermissionsEx detected! Using PermissionsEx for permissions.
[17:37:44] [Server thread/INFO]: [Vault][Permission] PermissionsEx hooked.
[17:37:44] [Server thread/INFO]: [Vault] [Vault][Chat] PermissionsEx_Chat hooked.
[17:37:44] [Server thread/INFO]: [Challenges] Enabling Challenges v3.0.2
[17:37:44] [Server thread/INFO]: [PvPToggle] Enabling PvPToggle v1.7
[17:37:45] [Server thread/INFO]: [Multiverse-Core] Enabling Multiverse-Core v4.1.0-b775
[17:37:45] [Server thread/WARN]: [Multiverse-Core] Loaded class net.milkbowl.vault.economy.Economy from Vault v1.7.3-b${env.TRAVIS_BUILD_NUMBER} which is not a depend, softdepend or loadbefore of this plugin.
[17:37:45] [Server thread/WARN]: [Multiverse-Core] "Multiverse-Core v4.1.0-b775" has registered a listener for org.bukkit.event.entity.EntityCreatePortalEvent on method "public void com.onarandombox.MultiverseCore.listeners.MVPortalListener.entityPortalCreate(org.bukkit.event.entity.EntityCreatePortalEvent)", but the event is Deprecated. "Server performance will be affected"; please notify the authors [Rigby, fernferret, lithium3141, main--, dumptruckman].
[17:37:45] [Server thread/INFO]: [Multiverse-Core] We are aware of the warning about the deprecated event. There is no alternative that allows us to do what we need to do. The performance impact is negligible.
[17:37:45] [Server thread/INFO]: -------- World Settings For [survive_world] --------
[17:37:45] [Server thread/INFO]: Experience Merge Radius: 3.0
[17:37:45] [Server thread/INFO]: Cactus Growth Modifier: 100%
[17:37:45] [Server thread/INFO]: Cane Growth Modifier: 100%
[17:37:45] [Server thread/INFO]: Melon Growth Modifier: 100%
[17:37:45] [Server thread/INFO]: Mushroom Growth Modifier: 100%
[17:37:45] [Server thread/INFO]: Pumpkin Growth Modifier: 100%
[17:37:45] [Server thread/INFO]: Sapling Growth Modifier: 100%
[17:37:45] [Server thread/INFO]: Beetroot Growth Modifier: 100%
[17:37:45] [Server thread/INFO]: Carrot Growth Modifier: 100%
[17:37:45] [Server thread/INFO]: Potato Growth Modifier: 100%
[17:37:45] [Server thread/INFO]: Wheat Growth Modifier: 100%
[17:37:45] [Server thread/INFO]: NetherWart Growth Modifier: 100%
[17:37:45] [Server thread/INFO]: Vine Growth Modifier: 100%
[17:37:45] [Server thread/INFO]: Cocoa Growth Modifier: 100%
[17:37:45] [Server thread/INFO]: Bamboo Growth Modifier: 100%
[17:37:45] [Server thread/INFO]: SweetBerry Growth Modifier: 100%
[17:37:45] [Server thread/INFO]: Kelp Growth Modifier: 100%
[17:37:45] [Server thread/INFO]: Entity Activation Range: An 32 / Mo 32 / Ra 48 / Mi 16 / Tiv true
[17:37:45] [Server thread/INFO]: Hopper Transfer: 8 Hopper Check: 1 Hopper Amount: 1
[17:37:45] [Server thread/INFO]: Custom Map Seeds:  Village: 10387312 Desert: 14357617 Igloo: 14357618 Jungle: 14357619 Swamp: 14357620 Monument: 10387313 Ocean: 14357621 Shipwreck: 165745295 End City: 10387313 Slime: 987234911 Bastion: 30084232 Fortress: 30084232 Mansion: 10387319 Fossil: 14357921 Portal: 34222645
[17:37:45] [Server thread/INFO]: Max TNT Explosions: 100
[17:37:45] [Server thread/INFO]: Tile Max Tick Time: 50ms Entity max Tick Time: 50ms
[17:37:45] [Server thread/INFO]: Entity Tracking Range: Pl 48 / An 48 / Mo 48 / Mi 32 / Other 64
[17:37:45] [Server thread/INFO]: Allow Zombie Pigmen to spawn from portal blocks: true
[17:37:45] [Server thread/INFO]: Item Merge Radius: 2.5
[17:37:45] [Server thread/INFO]: Item Despawn Rate: 6000
[17:37:45] [Server thread/INFO]: View Distance: 10
[17:37:45] [Server thread/INFO]: Arrow Despawn Rate: 1200 Trident Respawn Rate:1200
[17:37:45] [Server thread/INFO]: Zombie Aggressive Towards Villager: true
[17:37:45] [Server thread/INFO]: Nerfing mobs spawned from spawners: false
[17:37:45] [Server thread/INFO]: Mob Spawn Range: 8
[17:37:45] [Challenges Thread 0/INFO]: [Challenges] Loaded configuration
[17:37:45] [Server thread/INFO]: Preparing start region for dimension minecraft:survive_world
[17:37:45] [Server thread/INFO]: Loaded 0 spawn chunks for world survive_world
[17:37:46] [Server thread/INFO]: Preparing spawn area: 0%
[17:37:46] [Server thread/INFO]: Preparing spawn area: 0%
[17:37:46] [Server thread/INFO]: Preparing spawn area: 0%
[17:37:47] [Thread-11/WARN]: [PermissionsEx] The updater could not find any files for the project id 31279
[17:37:47] [Server thread/INFO]: Preparing spawn area: 0%
[17:37:47] [Server thread/INFO]: Time elapsed: 1995 ms
[17:37:47] [Server thread/INFO]: [Multiverse-Core] 4 - World(s) loaded.
[17:37:48] [Server thread/WARN]: Warning: Nashorn engine is planned to be removed from a future JDK release
[17:37:49] [Server thread/INFO]: [Multiverse-Core] Version 4.1.0-b775 (API v24) Enabled - By Rigby, fernferret, lithium3141, main-- and dumptruckman
[17:37:49] [Server thread/INFO]: [Multiverse-Core] Help dumptruckman keep this project alive. Become a patron! https://www.patreon.com/dumptruckman
[17:37:49] [Server thread/INFO]: [Multiverse-Core] One time donations are also appreciated: https://www.paypal.me/dumptruckman
[17:37:49] [Server thread/INFO]: [CoreProtect] Enabling CoreProtect v2.18.2
[17:37:49] [Server thread/INFO]: [CoreProtect] CoreProtect has been successfully enabled!
[17:37:49] [Server thread/INFO]: [CoreProtect] Using SQLite for data storage.
[17:37:49] [Server thread/INFO]: --------------------
[17:37:49] [Server thread/INFO]: [CoreProtect] Enjoy CoreProtect? Check out CoreEdit!
[17:37:49] [Server thread/INFO]: [CoreProtect] Download: www.coreedit.net/download/
[17:37:49] [Server thread/INFO]: --------------------
[17:37:49] [Server thread/INFO]: [PlayerStatueBuilderX] Enabling PlayerStatueBuilderX v1.9
[17:37:49] [Server thread/INFO]: [PlayerStatueBuilderX]: Config.yml found, loading!
[17:37:49] [Server thread/WARN]: [PlayerStatueBuilderX] Loaded class com.sk89q.worldedit.extension.platform.Actor from WorldEdit v7.1.0;8e55131 which is not a depend, softdepend or loadbefore of this plugin.
[17:37:49] [Server thread/INFO]: [PlayerStatueBuilderX]: Vault detected!
[17:37:49] [Server thread/INFO]: [PlayerStatueBuilderX]: Loading texture /chainmail_armor.png
[17:37:49] [Server thread/INFO]: [PlayerStatueBuilderX]: Loading texture /iron_armor.png
[17:37:49] [Server thread/INFO]: [PlayerStatueBuilderX]: Loading texture /golden_armor.png
[17:37:49] [Server thread/INFO]: [PlayerStatueBuilderX]: Loading texture /diamond_armor.png
[17:37:49] [Server thread/INFO]: [Citizens] Enabling Citizens v2.0.27-SNAPSHOT (build 2049)
[17:37:50] [Server thread/INFO]: [ChestCommands] Enabling ChestCommands v3.2.0
[17:37:50] [Server thread/INFO]: [DiscordSRV] Enabling DiscordSRV v1.18.4
[17:37:50] [Server thread/INFO]: [LockettePro] Enabling LockettePro v2.9.10
[17:37:50] [Server thread/WARN]: [LockettePro] ===================================
[17:37:50] [Server thread/INFO]: [Essentials] Enabling Essentials v2.17.2.0
[17:37:50] [Server thread/ERROR]: [Essentials] You are running an unsupported server version!
[17:37:50] [Server thread/INFO]: [Essentials] Attempting to convert old kits in config.yml to new kits.yml
[17:37:50] [Server thread/INFO]: [Essentials] No kits found to migrate.
[17:37:50] [Server thread/INFO]: [Essentials] Using 1.8.3+ BlockStateMeta provider as mob spawner provider.
[17:37:50] [Server thread/INFO]: [Essentials] Using 1.13+ flat spawn egg provider as spawn egg provider.
[17:37:50] [Server thread/INFO]: [Essentials] Using 1.9+ BasePotionData provider as potion meta provider.
[17:37:50] [Server thread/INFO]: [Essentials] Loaded 21018 items from items.json.
[17:37:50] [Server thread/INFO]: [Essentials] Using locale zh_TW
[17:37:51] [Server thread/INFO]: [Essentials] ServerListPingEvent: Spigot iterator API
[17:37:51] [Server thread/INFO]: [Essentials] Starting Metrics. Opt-out using the global bStats config.
[17:37:51] [Server thread/INFO]: [Vault] [Economy] Essentials Economy hooked.
[17:37:51] [Server thread/INFO]: [Essentials] Using Vault based permissions (PermissionsEx)
[17:37:51] [Server thread/INFO]: [EssentialsChat] Enabling EssentialsChat v2.17.2.0
[17:37:51] [Server thread/INFO]: [EssentialsGeoIP] Enabling EssentialsGeoIP v2.17.2.0
[17:37:51] [Server thread/WARN]: [Essentials] Missing translation key "geoIpLicenseMissing" in translation file zh_TW
java.util.MissingResourceException: Can't find resource for bundle java.util.PropertyResourceBundle, key geoIpLicenseMissing
	at java.util.ResourceBundle.getObject(ResourceBundle.java:564) ~[?:?]
	at java.util.ResourceBundle.getObject(ResourceBundle.java:558) ~[?:?]
	at java.util.ResourceBundle.getObject(ResourceBundle.java:558) ~[?:?]
	at java.util.ResourceBundle.getString(ResourceBundle.java:521) ~[?:?]
	at com.earth2me.essentials.I18n.translate(I18n.java:64) ~[?:?]
	at com.earth2me.essentials.I18n.tl(I18n.java:77) ~[?:?]
	at com.earth2me.essentials.geoip.EssentialsGeoIPPlayerListener.downloadDatabase(EssentialsGeoIPPlayerListener.java:181) ~[?:?]
	at com.earth2me.essentials.geoip.EssentialsGeoIPPlayerListener.reloadConfig(EssentialsGeoIPPlayerListener.java:141) ~[?:?]
	at com.earth2me.essentials.geoip.EssentialsGeoIPPlayerListener.<init>(EssentialsGeoIPPlayerListener.java:43) ~[?:?]
	at com.earth2me.essentials.geoip.EssentialsGeoIP.onEnable(EssentialsGeoIP.java:31) ~[?:?]
	at org.bukkit.plugin.java.JavaPlugin.setEnabled(JavaPlugin.java:263) ~[patched_1.16.1.jar:git-Paper-93]
	at org.bukkit.plugin.java.JavaPluginLoader.enablePlugin(JavaPluginLoader.java:380) ~[patched_1.16.1.jar:git-Paper-93]
	at org.bukkit.plugin.SimplePluginManager.enablePlugin(SimplePluginManager.java:483) ~[patched_1.16.1.jar:git-Paper-93]
	at org.bukkit.craftbukkit.v1_16_R1.CraftServer.enablePlugin(CraftServer.java:500) ~[patched_1.16.1.jar:git-Paper-93]
	at org.bukkit.craftbukkit.v1_16_R1.CraftServer.enablePlugins(CraftServer.java:414) ~[patched_1.16.1.jar:git-Paper-93]
	at net.minecraft.server.v1_16_R1.MinecraftServer.loadWorld(MinecraftServer.java:471) ~[patched_1.16.1.jar:git-Paper-93]
	at net.minecraft.server.v1_16_R1.DedicatedServer.init(DedicatedServer.java:241) ~[patched_1.16.1.jar:git-Paper-93]
	at net.minecraft.server.v1_16_R1.MinecraftServer.v(MinecraftServer.java:940) ~[patched_1.16.1.jar:git-Paper-93]
	at net.minecraft.server.v1_16_R1.MinecraftServer.lambda$a$0(MinecraftServer.java:177) ~[patched_1.16.1.jar:git-Paper-93]
	at java.lang.Thread.run(Thread.java:834) [?:?]
[17:37:51] [Server thread/ERROR]: [EssentialsGeoIP] No license key found! Please visit https://essentialsx.cf/geoip for first time setup instructions.
[17:37:51] [Server thread/ERROR]: [EssentialsGeoIP] GeoIP資料庫讀取失敗!
java.io.FileNotFoundException: plugins/EssentialsGeoIP/GeoIP2-Country.mmdb (No such file or directory)
	at java.io.RandomAccessFile.open0(Native Method) ~[?:?]
	at java.io.RandomAccessFile.open(RandomAccessFile.java:345) ~[?:?]
	at java.io.RandomAccessFile.<init>(RandomAccessFile.java:259) ~[?:?]
	at java.io.RandomAccessFile.<init>(RandomAccessFile.java:214) ~[?:?]
	at com.maxmind.db.BufferHolder.<init>(BufferHolder.java:19) ~[?:?]
	at com.maxmind.db.Reader.<init>(Reader.java:116) ~[?:?]
	at com.maxmind.geoip2.DatabaseReader.<init>(DatabaseReader.java:66) ~[?:?]
	at com.maxmind.geoip2.DatabaseReader.<init>(DatabaseReader.java:54) ~[?:?]
	at com.maxmind.geoip2.DatabaseReader$Builder.build(DatabaseReader.java:160) ~[?:?]
	at com.earth2me.essentials.geoip.EssentialsGeoIPPlayerListener.reloadConfig(EssentialsGeoIPPlayerListener.java:158) ~[?:?]
	at com.earth2me.essentials.geoip.EssentialsGeoIPPlayerListener.<init>(EssentialsGeoIPPlayerListener.java:43) ~[?:?]
	at com.earth2me.essentials.geoip.EssentialsGeoIP.onEnable(EssentialsGeoIP.java:31) ~[?:?]
	at org.bukkit.plugin.java.JavaPlugin.setEnabled(JavaPlugin.java:263) ~[patched_1.16.1.jar:git-Paper-93]
	at org.bukkit.plugin.java.JavaPluginLoader.enablePlugin(JavaPluginLoader.java:380) ~[patched_1.16.1.jar:git-Paper-93]
	at org.bukkit.plugin.SimplePluginManager.enablePlugin(SimplePluginManager.java:483) ~[patched_1.16.1.jar:git-Paper-93]
	at org.bukkit.craftbukkit.v1_16_R1.CraftServer.enablePlugin(CraftServer.java:500) ~[patched_1.16.1.jar:git-Paper-93]
	at org.bukkit.craftbukkit.v1_16_R1.CraftServer.enablePlugins(CraftServer.java:414) ~[patched_1.16.1.jar:git-Paper-93]
	at net.minecraft.server.v1_16_R1.MinecraftServer.loadWorld(MinecraftServer.java:471) ~[patched_1.16.1.jar:git-Paper-93]
	at net.minecraft.server.v1_16_R1.DedicatedServer.init(DedicatedServer.java:241) ~[patched_1.16.1.jar:git-Paper-93]
	at net.minecraft.server.v1_16_R1.MinecraftServer.v(MinecraftServer.java:940) ~[patched_1.16.1.jar:git-Paper-93]
	at net.minecraft.server.v1_16_R1.MinecraftServer.lambda$a$0(MinecraftServer.java:177) ~[patched_1.16.1.jar:git-Paper-93]
	at java.lang.Thread.run(Thread.java:834) [?:?]
[17:37:51] [Server thread/INFO]: [EssentialsGeoIP] This product includes GeoLite2 data created by MaxMind, available from http://www.maxmind.com/.
[17:37:51] [Server thread/INFO]: [TAB] Enabling TAB v2.8.2
[17:37:51] [Server thread/INFO]: [TAB] Server version: 1.16.1 (v1_16_R1)
[17:37:51] [Server thread/INFO]: [TAB] Enabled in 183ms
[17:37:51] [Server thread/INFO]: [EssentialsSpawn] Enabling EssentialsSpawn v2.17.2.0
[17:37:51] [Server thread/INFO]: [EssentialsXMPP] Enabling EssentialsXMPP v2.17.2.0
[17:37:51] [Server thread/WARN]: [EssentialsXMPP] config broken for xmpp
[17:37:51] [Server thread/INFO]: [Residence] Enabling Residence v4.9.1.0
[17:37:52] [Server thread/INFO]: [Residence] Found Vault using permissions plugin:PermissionsEx
[17:37:52] [Server thread/INFO]: [Residence] Scanning for economy systems...
[17:37:52] [Server thread/INFO]: [Residence] Found Vault using economy system: Essentials Economy
[17:37:53] [Server thread/INFO]: [Residence] Loading save data for world world...
[17:37:53] [Server thread/INFO]: [Residence] Loaded world data. (7 ms)
[17:37:53] [Server thread/INFO]: [Residence] Loading save data for world world_nether...
[17:37:53] [Server thread/INFO]: [Residence] Loaded world_nether data. (3 ms)
[17:37:53] [Server thread/INFO]: [Residence] Loading save data for world world_the_end...
[17:37:53] [Server thread/INFO]: [Residence] Loaded world_the_end data. (1 ms)
[17:37:53] [Server thread/INFO]: [Residence] Loading save data for world survive_world...
[17:37:53] [Server thread/INFO]: [Residence] Loaded survive_world data. (11 ms)
[17:37:53] [Server thread/INFO]: [Residence] Loading world data into memory...
[17:37:53] [Server thread/INFO]: [Residence] Loaded world data into memory. (0 ms) -> 0 residences
[17:37:53] [Server thread/INFO]: [Residence] Loading world_nether data into memory...
[17:37:53] [Server thread/INFO]: [Residence] Loaded world_nether data into memory. (0 ms) -> 0 residences
[17:37:53] [Server thread/INFO]: [Residence] Loading world_the_end data into memory...
[17:37:53] [Server thread/INFO]: [Residence] Loaded world_the_end data into memory. (0 ms) -> 0 residences
[17:37:53] [Server thread/INFO]: [Residence] Loading survive_world data into memory...
[17:37:53] [Server thread/INFO]: [Residence] Loaded survive_world data into memory. (0 ms) -> 0 residences
[17:37:53] [Server thread/INFO]: [Residence] Found WorldEdit 7.1.0;8e55131
[17:37:53] [Server thread/INFO]: [Residence] PlaceholderAPI hooked.
[17:37:53] [Server thread/INFO]: [Residence] PlaceholderAPI was found - Enabling capabilities.
[17:37:53] [Server thread/INFO]: [Residence] Enabled! Version 4.9.1.0 by Zrips
[17:37:53] [Server thread/INFO]: [QuickShop] Enabling QuickShop v4.0.3.2
[17:37:53] [Server thread/INFO]: [QuickShop] Quickshop Reremake
[17:37:53] [Server thread/INFO]: [QuickShop] Running QuickShop-Reremake on NMS version v1_16_R1 For Minecraft version 1.16.1
[17:37:53] [Server thread/INFO]: [QuickShop] Reading the configuration...
[17:37:53] [Server thread/INFO]: [QuickShop] Developers: BukkitCommonsStudio, Netherfoam, Timtower, KaiNoMood, Ghost_chu, Mgazul, TiaraRinne
[17:37:53] [Server thread/INFO]: [QuickShop] Original author: Netherfoam, Timtower, KaiNoMood
[17:37:53] [Server thread/INFO]: [QuickShop] Let's start loading the plugin
[17:37:53] [Server thread/INFO]: [QuickShop] Loading plugin translations files...
[17:37:54] [Thread-18/INFO]: [QuickShop] Downloading version manifest...
[17:37:54] [Thread-18/INFO]: [QuickShop] Downloading version index...
[17:37:54] [Thread-18/WARN]: [QuickShop] Cannot get file hash for language en_, fallback to en_us...
[17:37:54] [Thread-18/WARN]: [QuickShop] Cannot download require files, some items/blocks/potions/enchs language will use default English name.
[17:37:54] [Server thread/INFO]: [QuickShop] Translator: Ghost_chu, Andre_601
[17:37:54] [Server thread/INFO]: [QuickShop] Contributors: Timtower, Netherfoam, KaiNoMood, Mgazul, JackTheChicken and Andre_601
[17:37:54] [Server thread/INFO]: [QuickShop] Language Zone: English (en_US)
[17:37:54] [Server thread/INFO]: [QuickShop] Completed to load plugin translations files.
[17:37:54] [Server thread/INFO]: [QuickShop] Starting loading items translation...
[17:37:54] [Server thread/INFO]: [QuickShop] Complete to load items translation.
[17:37:54] [Server thread/INFO]: [QuickShop] Starting loading enchantments translation...
[17:37:54] [Server thread/INFO]: [QuickShop] Complete to load enchantments translation.
[17:37:54] [Server thread/INFO]: [QuickShop] Starting loading potions translation...
[17:37:55] [Server thread/INFO]: [QuickShop] Complete to load potions effect translation.
[17:37:55] [Server thread/INFO]: [QuickShop] Successfully loaded PlaceHolderAPI support!
[17:37:55] [Server thread/INFO]: [QuickShop] Selected permission provider: Bukkit
[17:37:55] [Server thread/INFO]: [QuickShop] Loading shops from the database...
[17:37:55] [Server thread/INFO]: [QuickShop] Used 0ms to fetch all shops from the database.
[17:37:55] [Server thread/INFO]: [QuickShop] Successfully loaded 0 shops! (Used 0ms, Avg 0ms per shop)
[17:37:55] [Server thread/INFO]: [QuickShop] 0 shops will load after chunk have loaded, 0 shops will load after the world has loaded.
[17:37:55] [Server thread/INFO]: [QuickShop] Registering Listeners...
[17:37:55] [Server thread/INFO]: [QuickShop] Registering DisplayCheck task....
[17:37:55] [Server thread/INFO]: [QuickShop] Cleaning MsgUtils...
[17:37:55] [Server thread/INFO]: [QuickShop] Cleaning purchase messages from the database that are over a week old...
[17:37:55] [Server thread/INFO]: [QuickShop] Registering UpdateWatcher...
[17:37:55] [Server thread/INFO]: [QuickShop] QuickShop Loaded! 1560 ms.
[17:37:55] [Server thread/INFO]: [QuickShop] Log actions is enabled, actions will log in the qs.log file!
[17:37:55] [Server thread/INFO]: [PlaceholderAPI] Placeholder expansion registration initializing...
[17:37:55] [Server thread/INFO]: Running delayed init tasks
[17:37:55] [Server thread/INFO]: [CoreProtect] WorldEdit logging successfully initialized.
[17:37:55] [Server thread/INFO]: [ChestCommands] Found a new version: v3.3.1 (yours: v3.2.0)
[17:37:55] [Server thread/INFO]: [ChestCommands] Download it on Bukkit Dev:
[17:37:55] [Server thread/INFO]: [ChestCommands] dev.bukkit.org/bukkit-plugins/chest-commands
[17:37:55] [Server thread/INFO]: [QuickShop] Registering BStats Mertics...
[17:37:55] [Server thread/INFO]: [QuickShop] Metrics submitted.
[17:37:55] [Server thread/INFO]: [Citizens] Loaded 0 NPCs.
[17:37:55] [DiscordSRV - Initialization/WARN]: [DiscordSRV] 

The current build of DiscordSRV is outdated by 674 commits! Get the latest build at your favorite distribution center.

Spigot: https://www.spigotmc.org/resources/discordsrv.18494/
Bukkit Dev: http://dev.bukkit.org/bukkit-plugins/discordsrv/
Source: https://github.com/DiscordSRV/DiscordSRV

[17:37:55] [Server thread/INFO]: [QuickShop] Using economy system: Essentials Economy
[17:37:55] [DiscordSRV - Initialization/INFO]: [DiscordSRV] ===============================================================================
[17:37:55] [DiscordSRV - Initialization/INFO]: [DiscordSRV]          Need a server host? Try PebbleHost! Plans starting at $1/GB!
[17:37:55] [DiscordSRV - Initialization/INFO]: [DiscordSRV]  Use promo code "DISCORDSRV" at checkout for 15% off your first three bills!
[17:37:55] [DiscordSRV - Initialization/INFO]: [DiscordSRV] ===============================================================================
[17:37:55] [Craft Scheduler Thread - 11/INFO]: [Vault] Checking for Updates ... 
[17:37:55] [Server thread/INFO]: Done (24.088s)! For help, type "help"
[17:37:55] [Server thread/INFO]: Timings Reset
[17:37:56] [Craft Scheduler Thread - 11/INFO]: [Vault] Stable Version: 1.7.2 | Current Version: 1.7.3
[17:37:56] [Server thread/INFO]: Pl-Hide ▎ Update available: 1.5.15. You are on 1.5.11!
[17:37:56] [Server thread/INFO]: Pl-Hide ▎ Spigot: https://www.spigotmc.org/resources/68767/
[17:37:56] [Craft Scheduler Thread - 1/INFO]: [PlaceholderAPI] 176 placeholder expansions are available on the cloud.
[17:37:56] [Craft Scheduler Thread - 9/INFO]: *********************** Residence **************************
[17:37:56] [Craft Scheduler Thread - 9/INFO]: * 4.9.1.3 is now available! Your version: 4.9.1.0
[17:37:56] [Craft Scheduler Thread - 9/INFO]: * https://www.spigotmc.org/resources/residence.11480/
[17:37:56] [Craft Scheduler Thread - 9/INFO]: ************************************************************
[17:37:57] [Thread-19/INFO]: --------------------
[17:37:57] [Thread-19/INFO]: [CoreProtect] Version 19.0 is now available.
[17:37:57] [Thread-19/INFO]: [CoreProtect] Download: www.coreprotect.net/download/
[17:37:57] [Thread-19/INFO]: [CoreProtect] Sponsor: www.hosthorde.com
[17:37:57] [Thread-19/INFO]: --------------------
[17:38:00] [DiscordSRV - Initialization/INFO]: [DiscordSRV] Found server G:風趣糰子「FunnyDango」(708536897953071228)
[17:38:00] [DiscordSRV - Initialization/INFO]: [DiscordSRV] - TC:👋welcome(732209365523890256)
[17:38:00] [DiscordSRV - Initialization/INFO]: [DiscordSRV] - TC:公告專欄(732209989741183029)
[17:38:00] [DiscordSRV - Initialization/INFO]: [DiscordSRV] - TC:影音特刊(732210007126573147)
[17:38:00] [DiscordSRV - Initialization/INFO]: [DiscordSRV] - TC:風趣法規(732207791200272416)
[17:38:00] [DiscordSRV - Initialization/INFO]: [DiscordSRV] - TC:自我介紹(732207823051817064)
[17:38:00] [DiscordSRV - Initialization/INFO]: [DiscordSRV] - TC:糰子驗證所(732209617211228180)
[17:38:00] [DiscordSRV - Initialization/INFO]: [DiscordSRV] - TC:糰子黑名單(732209645846003755)
[17:38:00] [DiscordSRV - Initialization/INFO]: [DiscordSRV] - TC:糰子交誼所(732208700424716329)
[17:38:00] [DiscordSRV - Initialization/INFO]: [DiscordSRV] - TC:點歌指令區(732208782909898802)
[17:38:00] [DiscordSRV - Initialization/INFO]: [DiscordSRV] - TC:一般指令區(732208801805107312)
[17:38:00] [DiscordSRV - Initialization/INFO]: [DiscordSRV] - TC:🔵伺服器狀況：開發中(732211349525889134)
[17:38:00] [DiscordSRV - Initialization/INFO]: [DiscordSRV] - TC:📢伺服器即時公告(732211409152114719)
[17:38:00] [DiscordSRV - Initialization/INFO]: [DiscordSRV] - TC:💻伺服器遊戲資訊(732211616711442523)
[17:38:00] [DiscordSRV - Initialization/INFO]: [DiscordSRV] - TC:🔊遊戲聊天室(732211740171042816)
[17:38:00] [DiscordSRV - Initialization/INFO]: [DiscordSRV] - TC:🔕伺服器後台(732211774820188260)
[17:38:00] [DiscordSRV - Initialization/INFO]: [DiscordSRV] - TC:風趣購物中心(732210051137404959)
[17:38:00] [DiscordSRV - Initialization/INFO]: [DiscordSRV] - TC:糰子申請中心(732211049373368350)
[17:38:00] [DiscordSRV - Initialization/INFO]: [DiscordSRV] - TC:小孩子不要看(732212321606434898)
[17:38:00] [DiscordSRV - Initialization/INFO]: [DiscordSRV] - TC:團內資料(732212995987603487)
[17:38:00] [DiscordSRV - Initialization/INFO]: [DiscordSRV] - TC:團內討論(732213012705968159)
[17:38:00] [DiscordSRV - Initialization/INFO]: [DiscordSRV] - TC:版本控管(731512857199509584)
[17:38:00] [DiscordSRV - Initialization/INFO]: [DiscordSRV] Console forwarding assigned to channel 732211774820188260
[17:38:00] [DiscordSRV - Initialization/INFO]: [DiscordSRV] Not using JDBC, one of host/port/database was default
[17:38:00] [DiscordSRV - Initialization/INFO]: [DiscordSRV] No chat plugin hooks enabled
[17:38:01] [Log4j2-TF-1-AsyncLogger[AsyncContext@277050dc]-1/INFO]: [DiscordSRV] [JDA] Login Successful!
[17:38:01] [Log4j2-TF-1-AsyncLogger[AsyncContext@277050dc]-1/INFO]: [DiscordSRV] [JDA] Connected to WebSocket
[17:38:01] [Log4j2-TF-1-AsyncLogger[AsyncContext@277050dc]-1/INFO]: [DiscordSRV] [JDA] Finished Loading!
[17:48:00] [Log4j2-TF-1-AsyncLogger[AsyncContext@277050dc]-1/WARN]: [DiscordSRV] [JDA] Encountered 429 on route /channels/732211774820188260
[17:58:00] [Log4j2-TF-1-AsyncLogger[AsyncContext@277050dc]-1/WARN]: [DiscordSRV] [JDA] Encountered 429 on route /channels/732211774820188260
[18:08:00] [Log4j2-TF-1-AsyncLogger[AsyncContext@277050dc]-1/WARN]: [DiscordSRV] [JDA] Encountered 429 on route /channels/732211740171042816
[18:08:00] [Log4j2-TF-1-AsyncLogger[AsyncContext@277050dc]-1/WARN]: [DiscordSRV] [JDA] Encountered 429 on route /channels/732211774820188260
[18:08:00] [Log4j2-TF-1-AsyncLogger[AsyncContext@277050dc]-1/WARN]: [DiscordSRV] [JDA] Encountered 429 on route /channels/732211774820188260
[18:18:00] [Log4j2-TF-1-AsyncLogger[AsyncContext@277050dc]-1/WARN]: [DiscordSRV] [JDA] Encountered 429 on route /channels/732211740171042816
[18:18:00] [Log4j2-TF-1-AsyncLogger[AsyncContext@277050dc]-1/WARN]: [DiscordSRV] [JDA] Encountered 429 on route /channels/732211774820188260
[18:18:00] [Log4j2-TF-1-AsyncLogger[AsyncContext@277050dc]-1/WARN]: [DiscordSRV] [JDA] Encountered 429 on route /channels/732211774820188260
[18:28:00] [Log4j2-TF-1-AsyncLogger[AsyncContext@277050dc]-1/WARN]: [DiscordSRV] [JDA] Encountered 429 on route /channels/732211774820188260
[18:28:00] [Log4j2-TF-1-AsyncLogger[AsyncContext@277050dc]-1/WARN]: [DiscordSRV] [JDA] Encountered 429 on route /channels/732211740171042816
[18:28:00] [Log4j2-TF-1-AsyncLogger[AsyncContext@277050dc]-1/WARN]: [DiscordSRV] [JDA] Encountered 429 on route /channels/732211774820188260
[18:28:00] [Log4j2-TF-1-AsyncLogger[AsyncContext@277050dc]-1/WARN]: [DiscordSRV] [JDA] Encountered 429 on route /channels/732211740171042816
[18:28:00] [Log4j2-TF-1-AsyncLogger[AsyncContext@277050dc]-1/WARN]: [DiscordSRV] [JDA] Encountered 429 on route /channels/732211774820188260
[18:38:00] [Log4j2-TF-1-AsyncLogger[AsyncContext@277050dc]-1/WARN]: [DiscordSRV] [JDA] Encountered 429 on route /channels/732211740171042816
[18:38:00] [Log4j2-TF-1-AsyncLogger[AsyncContext@277050dc]-1/WARN]: [DiscordSRV] [JDA] Encountered 429 on route /channels/732211774820188260
[18:38:00] [Log4j2-TF-1-AsyncLogger[AsyncContext@277050dc]-1/WARN]: [DiscordSRV] [JDA] Encountered 429 on route /channels/732211740171042816
[18:38:00] [Log4j2-TF-1-AsyncLogger[AsyncContext@277050dc]-1/WARN]: [DiscordSRV] [JDA] Encountered 429 on route /channels/732211774820188260
[18:38:01] [Log4j2-TF-1-AsyncLogger[AsyncContext@277050dc]-1/WARN]: [DiscordSRV] [JDA] Encountered 429 on route /channels/732211774820188260
[18:47:11] [Server thread/INFO]: Stopping server (Ignore any thread death message you see! - DO NOT REPORT THREAD DEATH TO PAPER)
[18:47:11] [Server thread/INFO]: [QuickShop] Disabling QuickShop v4.0.3.2
[18:47:11] [Server thread/INFO]: [QuickShop] QuickShop is finishing remaining work, this may need a while...
[18:47:11] [Server thread/INFO]: [QuickShop] Please wait for the data to flush its data...
[18:47:11] [Server thread/INFO]: [Residence] Disabling Residence v4.9.1.0
[18:47:11] [Server thread/INFO]: [Residence] Disabled!
[18:47:11] [Server thread/INFO]: [EssentialsXMPP] Disabling EssentialsXMPP v2.17.2.0
[18:47:11] [Server thread/INFO]: [EssentialsSpawn] Disabling EssentialsSpawn v2.17.2.0
[18:47:11] [Server thread/INFO]: [TAB] Disabling TAB v2.8.2
[18:47:11] [Server thread/INFO]: [TAB] Disabled in 1ms
[18:47:11] [Server thread/INFO]: [EssentialsGeoIP] Disabling EssentialsGeoIP v2.17.2.0
[18:47:11] [Server thread/INFO]: [EssentialsChat] Disabling EssentialsChat v2.17.2.0
[18:47:11] [Server thread/INFO]: [Essentials] Disabling Essentials v2.17.2.0
[18:47:11] [Server thread/INFO]: [Vault] [Economy] Essentials Economy unhooked.
[18:47:11] [Server thread/INFO]: [LockettePro] Disabling LockettePro v2.9.10
[18:47:11] [Server thread/INFO]: [DiscordSRV] Disabling DiscordSRV v1.18.4
[18:47:11] [DiscordSRV - Channel Topic Updater/WARN]: [DiscordSRV] Broke from Channel Topic Updater thread: sleep interrupted
[18:47:11] [DiscordSRV - Presence Updater/WARN]: [DiscordSRV] Broke from Status Updater thread: sleep interrupted
[18:47:11] [pool-24-thread-1/INFO]: [DiscordSRV] Saved linked accounts in 2ms
[18:47:11] [Log4j2-TF-1-AsyncLogger[AsyncContext@277050dc]-1/WARN]: [DiscordSRV] [JDA] Encountered 429 on route /channels/732211740171042816
[18:47:11] [Log4j2-TF-1-AsyncLogger[AsyncContext@277050dc]-1/WARN]: [DiscordSRV] [JDA] Encountered 429 on route /channels/732211774820188260
[18:47:11] [Log4j2-TF-1-AsyncLogger[AsyncContext@277050dc]-1/WARN]: [DiscordSRV] [JDA] Encountered 429 on route /channels/732211740171042816
[18:47:11] [pool-24-thread-1/INFO]: [DiscordSRV] Shutdown completed in 500ms
[18:47:11] [Server thread/INFO]: [ChestCommands] Disabling ChestCommands v3.2.0
[18:47:11] [Server thread/INFO]: [Citizens] Disabling Citizens v2.0.27-SNAPSHOT (build 2049)
[18:47:11] [Server thread/INFO]: [PlayerStatueBuilderX] Disabling PlayerStatueBuilderX v1.9
[18:47:11] [Server thread/INFO]: [CoreProtect] Disabling CoreProtect v2.18.2
[18:47:11] [Server thread/INFO]: [CoreProtect] Finishing up data logging. Please wait...
[18:47:11] [Log4j2-TF-1-AsyncLogger[AsyncContext@277050dc]-1/WARN]: [DiscordSRV] [JDA] Encountered 429 on route /channels/732211774820188260
[18:47:12] [Log4j2-TF-1-AsyncLogger[AsyncContext@277050dc]-1/WARN]: [DiscordSRV] [JDA] Encountered 429 on route /channels/732211740171042816
[18:47:12] [Log4j2-TF-1-AsyncLogger[AsyncContext@277050dc]-1/WARN]: [DiscordSRV] [JDA] Encountered 429 on route /channels/732211774820188260
[18:47:12] [Log4j2-TF-1-AsyncLogger[AsyncContext@277050dc]-1/WARN]: [DiscordSRV] [JDA] Encountered 429 on route /channels/732211740171042816
[18:47:12] [Log4j2-TF-1-AsyncLogger[AsyncContext@277050dc]-1/WARN]: [DiscordSRV] [JDA] Encountered 429 on route /channels/732211774820188260
[18:47:12] [Log4j2-TF-1-AsyncLogger[AsyncContext@277050dc]-1/WARN]: [DiscordSRV] [JDA] Encountered 429 on route /channels/732211740171042816
[18:47:12] [Log4j2-TF-1-AsyncLogger[AsyncContext@277050dc]-1/WARN]: [DiscordSRV] [JDA] Encountered 429 on route /channels/732211774820188260
[18:47:12] [Server thread/INFO]: [CoreProtect] Success! Disabled CoreProtect v2.18.2
[18:47:12] [Server thread/INFO]: [Multiverse-Core] Disabling Multiverse-Core v4.1.0-b775
[18:47:12] [Server thread/INFO]: [PvPToggle] Disabling PvPToggle v1.7
[18:47:12] [Server thread/INFO]: [Vault] Disabling Vault v1.7.3-b${env.TRAVIS_BUILD_NUMBER}
[18:47:12] [Server thread/INFO]: WEPIF: PermissionsEx detected! Using PermissionsEx for permissions.
[18:47:12] [Server thread/INFO]: [Challenges] Disabling Challenges v3.0.2
[18:47:13] [Server thread/INFO]: [PermissionsEx] Disabling PermissionsEx v1.23.4
[18:47:13] [Server thread/INFO]: WEPIF: PermissionsEx detected! Using PermissionsEx for permissions.
[18:47:13] [Server thread/INFO]: [PlaceholderAPI] Disabling PlaceholderAPI v2.10.6
[18:47:13] [Server thread/INFO]: [PL-Hide] Disabling PL-Hide v1.5.11
[18:47:13] [Server thread/INFO]: [WorldEdit] Disabling WorldEdit v7.1.0;8e55131
[18:47:13] [Server thread/INFO]: Unregistering com.sk89q.worldedit.bukkit.BukkitServerInterface from WorldEdit
[18:47:13] [Server thread/INFO]: Saving players
[18:47:13] [Server thread/INFO]: Saving worlds
[18:47:13] [Server thread/INFO]: Saving chunks for level 'ServerLevel[world]'/minecraft:overworld
[18:47:13] [Server thread/INFO]: ThreadedAnvilChunkStorage (world): All chunks are saved
[18:47:13] [Server thread/INFO]: Saving chunks for level 'ServerLevel[world_nether]'/minecraft:the_nether
[18:47:13] [Server thread/INFO]: ThreadedAnvilChunkStorage (DIM-1): All chunks are saved
[18:47:13] [Server thread/INFO]: Saving chunks for level 'ServerLevel[world_the_end]'/minecraft:the_end
[18:47:13] [Server thread/INFO]: ThreadedAnvilChunkStorage (DIM1): All chunks are saved
[18:47:13] [Server thread/INFO]: Saving chunks for level 'ServerLevel[survive_world]'/minecraft:survive_world
[18:47:13] [Server thread/INFO]: ThreadedAnvilChunkStorage (survive_world): All chunks are saved
[18:47:13] [Server thread/INFO]: ThreadedAnvilChunkStorage (world): All chunks are saved
[18:47:13] [Server thread/INFO]: ThreadedAnvilChunkStorage (DIM-1): All chunks are saved
[18:47:13] [Server thread/INFO]: ThreadedAnvilChunkStorage (DIM1): All chunks are saved
[18:47:13] [Server thread/INFO]: ThreadedAnvilChunkStorage (survive_world): All chunks are saved
[18:47:13] [Server thread/INFO]: Flushing Chunk IO
[18:47:13] [Server thread/INFO]: Closing Thread Pool
[18:47:13] [Server thread/INFO]: Closing Server
